{"/home/aaquib/Desktop/Namaste React/src/constants.js": {"path":"/home/aaquib/Desktop/Namaste React/src/constants.js","statementMap":{"0":{"start":{"line":2,"column":30},"end":{"line":732,"column":1}},"1":{"start":{"line":733,"column":25},"end":{"line":733,"column":102}},"2":{"start":{"line":735,"column":28},"end":{"line":735,"column":133}}},"fnMap":{},"branchMap":{},"s":{"0":2,"1":2,"2":2},"f":{},"b":{},"_coverageSchema":"1a1c01bbd47fc00a2c39e90264f33305004495a9","hash":"4b3043966d2e226e173577f51fe9fef97628bc74"}
,"/home/aaquib/Desktop/Namaste React/src/components/Body.js": {"path":"/home/aaquib/Desktop/Namaste React/src/components/Body.js","statementMap":{"0":{"start":{"line":8,"column":13},"end":{"line":85,"column":1}},"1":{"start":{"line":11,"column":46},"end":{"line":11,"column":58}},"2":{"start":{"line":12,"column":56},"end":{"line":12,"column":68}},"3":{"start":{"line":13,"column":38},"end":{"line":13,"column":50}},"4":{"start":{"line":14,"column":28},"end":{"line":14,"column":51}},"5":{"start":{"line":17,"column":17},"end":{"line":19,"column":5}},"6":{"start":{"line":20,"column":17},"end":{"line":20,"column":34}},"7":{"start":{"line":21,"column":4},"end":{"line":23,"column":6}},"8":{"start":{"line":25,"column":4},"end":{"line":27,"column":6}},"9":{"start":{"line":30,"column":2},"end":{"line":32,"column":9}},"10":{"start":{"line":31,"column":4},"end":{"line":31,"column":14}},"11":{"start":{"line":34,"column":2},"end":{"line":84,"column":4}},"12":{"start":{"line":48,"column":14},"end":{"line":48,"column":44}},"13":{"start":{"line":56,"column":27},"end":{"line":56,"column":65}},"14":{"start":{"line":57,"column":14},"end":{"line":57,"column":43}},"15":{"start":{"line":72,"column":12},"end":{"line":79,"column":14}}},"fnMap":{"0":{"name":"(anonymous_0)","decl":{"start":{"line":8,"column":13},"end":{"line":8,"column":14}},"loc":{"start":{"line":8,"column":19},"end":{"line":85,"column":1}},"line":8},"1":{"name":"getData","decl":{"start":{"line":16,"column":17},"end":{"line":16,"column":24}},"loc":{"start":{"line":16,"column":27},"end":{"line":28,"column":3}},"line":16},"2":{"name":"(anonymous_2)","decl":{"start":{"line":30,"column":12},"end":{"line":30,"column":13}},"loc":{"start":{"line":30,"column":18},"end":{"line":32,"column":3}},"line":30},"3":{"name":"(anonymous_3)","decl":{"start":{"line":47,"column":22},"end":{"line":47,"column":23}},"loc":{"start":{"line":47,"column":29},"end":{"line":49,"column":13}},"line":47},"4":{"name":"(anonymous_4)","decl":{"start":{"line":55,"column":21},"end":{"line":55,"column":22}},"loc":{"start":{"line":55,"column":27},"end":{"line":58,"column":13}},"line":55},"5":{"name":"(anonymous_5)","decl":{"start":{"line":71,"column":34},"end":{"line":71,"column":35}},"loc":{"start":{"line":71,"column":50},"end":{"line":80,"column":11}},"line":71}},"branchMap":{"0":{"loc":{"start":{"line":34,"column":9},"end":{"line":84,"column":3}},"type":"cond-expr","locations":[{"start":{"line":35,"column":4},"end":{"line":35,"column":15}},{"start":{"line":37,"column":4},"end":{"line":83,"column":7}}],"line":34},"1":{"loc":{"start":{"line":66,"column":9},"end":{"line":81,"column":9}},"type":"cond-expr","locations":[{"start":{"line":67,"column":10},"end":{"line":69,"column":15}},{"start":{"line":71,"column":10},"end":{"line":80,"column":12}}],"line":66}},"s":{"0":1,"1":7,"2":7,"3":7,"4":7,"5":3,"6":3,"7":3,"8":3,"9":7,"10":3,"11":7,"12":1,"13":1,"14":1,"15":61},"f":{"0":7,"1":3,"2":3,"3":1,"4":1,"5":61},"b":{"0":[3,4],"1":[0,4]},"_coverageSchema":"1a1c01bbd47fc00a2c39e90264f33305004495a9","hash":"8874ec0fae2df8e0b85e464e2f9e2aa2f1a75382"}
,"/home/aaquib/Desktop/Namaste React/src/components/Header.js": {"path":"/home/aaquib/Desktop/Namaste React/src/components/Header.js","statementMap":{"0":{"start":{"line":6,"column":14},"end":{"line":13,"column":1}},"1":{"start":{"line":7,"column":2},"end":{"line":12,"column":4}},"2":{"start":{"line":15,"column":15},"end":{"line":46,"column":1}},"3":{"start":{"line":16,"column":19},"end":{"line":16,"column":30}},"4":{"start":{"line":17,"column":17},"end":{"line":17,"column":40}},"5":{"start":{"line":18,"column":20},"end":{"line":18,"column":58}},"6":{"start":{"line":18,"column":41},"end":{"line":18,"column":57}},"7":{"start":{"line":19,"column":2},"end":{"line":45,"column":4}}},"fnMap":{"0":{"name":"(anonymous_0)","decl":{"start":{"line":6,"column":14},"end":{"line":6,"column":15}},"loc":{"start":{"line":7,"column":2},"end":{"line":12,"column":4}},"line":7},"1":{"name":"(anonymous_1)","decl":{"start":{"line":15,"column":15},"end":{"line":15,"column":16}},"loc":{"start":{"line":15,"column":21},"end":{"line":46,"column":1}},"line":15},"2":{"name":"(anonymous_2)","decl":{"start":{"line":18,"column":32},"end":{"line":18,"column":33}},"loc":{"start":{"line":18,"column":41},"end":{"line":18,"column":57}},"line":18}},"branchMap":{"0":{"loc":{"start":{"line":41,"column":62},"end":{"line":41,"column":96}},"type":"cond-expr","locations":[{"start":{"line":41,"column":73},"end":{"line":41,"column":89}},{"start":{"line":41,"column":92},"end":{"line":41,"column":96}}],"line":41}},"s":{"0":2,"1":5,"2":2,"3":5,"4":5,"5":5,"6":10,"7":5},"f":{"0":5,"1":5,"2":10},"b":{"0":[5,0]},"_coverageSchema":"1a1c01bbd47fc00a2c39e90264f33305004495a9","hash":"8ba684def3e0a18a4e3759d463d5850e085e903d"}
,"/home/aaquib/Desktop/Namaste React/src/components/MenuItem.js": {"path":"/home/aaquib/Desktop/Namaste React/src/components/MenuItem.js","statementMap":{"0":{"start":{"line":4,"column":17},"end":{"line":20,"column":1}},"1":{"start":{"line":5,"column":19},"end":{"line":5,"column":32}},"2":{"start":{"line":6,"column":22},"end":{"line":8,"column":3}},"3":{"start":{"line":7,"column":4},"end":{"line":7,"column":33}},"4":{"start":{"line":9,"column":2},"end":{"line":19,"column":4}},"5":{"start":{"line":17,"column":71},"end":{"line":17,"column":84}}},"fnMap":{"0":{"name":"(anonymous_0)","decl":{"start":{"line":4,"column":17},"end":{"line":4,"column":18}},"loc":{"start":{"line":4,"column":28},"end":{"line":20,"column":1}},"line":4},"1":{"name":"(anonymous_1)","decl":{"start":{"line":6,"column":22},"end":{"line":6,"column":23}},"loc":{"start":{"line":6,"column":28},"end":{"line":8,"column":3}},"line":6},"2":{"name":"(anonymous_2)","decl":{"start":{"line":17,"column":65},"end":{"line":17,"column":66}},"loc":{"start":{"line":17,"column":71},"end":{"line":17,"column":84}},"line":17}},"branchMap":{},"s":{"0":1,"1":15,"2":15,"3":1,"4":15,"5":1},"f":{"0":15,"1":1,"2":1},"b":{},"_coverageSchema":"1a1c01bbd47fc00a2c39e90264f33305004495a9","hash":"9e218d9ea5603d677f7c981ced73a60f33432034"}
,"/home/aaquib/Desktop/Namaste React/src/components/RestaurantCard.js": {"path":"/home/aaquib/Desktop/Namaste React/src/components/RestaurantCard.js","statementMap":{"0":{"start":{"line":2,"column":23},"end":{"line":16,"column":1}},"1":{"start":{"line":8,"column":2},"end":{"line":15,"column":4}}},"fnMap":{"0":{"name":"(anonymous_0)","decl":{"start":{"line":2,"column":23},"end":{"line":2,"column":24}},"loc":{"start":{"line":7,"column":6},"end":{"line":16,"column":1}},"line":7}},"branchMap":{},"s":{"0":1,"1":61},"f":{"0":61},"b":{},"_coverageSchema":"1a1c01bbd47fc00a2c39e90264f33305004495a9","hash":"8f3c7c660088cbc69b51e86052307c425d1f26ef"}
,"/home/aaquib/Desktop/Namaste React/src/components/RestaurantMenu.js": {"path":"/home/aaquib/Desktop/Namaste React/src/components/RestaurantMenu.js","statementMap":{"0":{"start":{"line":5,"column":23},"end":{"line":21,"column":1}},"1":{"start":{"line":6,"column":27},"end":{"line":6,"column":38}},"2":{"start":{"line":7,"column":25},"end":{"line":7,"column":52}},"3":{"start":{"line":9,"column":2},"end":{"line":20,"column":4}},"4":{"start":{"line":14,"column":8},"end":{"line":16,"column":9}}},"fnMap":{"0":{"name":"(anonymous_0)","decl":{"start":{"line":5,"column":23},"end":{"line":5,"column":24}},"loc":{"start":{"line":5,"column":29},"end":{"line":21,"column":1}},"line":5},"1":{"name":"(anonymous_1)","decl":{"start":{"line":13,"column":41},"end":{"line":13,"column":42}},"loc":{"start":{"line":13,"column":54},"end":{"line":18,"column":7}},"line":13}},"branchMap":{"0":{"loc":{"start":{"line":9,"column":9},"end":{"line":20,"column":3}},"type":"cond-expr","locations":[{"start":{"line":10,"column":4},"end":{"line":10,"column":15}},{"start":{"line":12,"column":4},"end":{"line":19,"column":10}}],"line":9}},"s":{"0":1,"1":2,"2":2,"3":2,"4":15},"f":{"0":2,"1":15},"b":{"0":[1,1]},"_coverageSchema":"1a1c01bbd47fc00a2c39e90264f33305004495a9","hash":"c9121c99e7ddc668ccd70fb550d282739bef9b83"}
,"/home/aaquib/Desktop/Namaste React/src/components/Shimmer.js": {"path":"/home/aaquib/Desktop/Namaste React/src/components/Shimmer.js","statementMap":{"0":{"start":{"line":1,"column":16},"end":{"line":10,"column":1}},"1":{"start":{"line":2,"column":4},"end":{"line":8,"column":8}},"2":{"start":{"line":5,"column":12},"end":{"line":5,"column":100}}},"fnMap":{"0":{"name":"(anonymous_0)","decl":{"start":{"line":1,"column":16},"end":{"line":1,"column":17}},"loc":{"start":{"line":1,"column":22},"end":{"line":10,"column":1}},"line":1},"1":{"name":"(anonymous_1)","decl":{"start":{"line":4,"column":42},"end":{"line":4,"column":43}},"loc":{"start":{"line":5,"column":12},"end":{"line":5,"column":100}},"line":5}},"branchMap":{},"s":{"0":2,"1":4,"2":80},"f":{"0":4,"1":80},"b":{},"_coverageSchema":"1a1c01bbd47fc00a2c39e90264f33305004495a9","hash":"e3914ede677f4d97c3d523fc3f99ffa004a95295"}
,"/home/aaquib/Desktop/Namaste React/src/components/Sum.js": {"path":"/home/aaquib/Desktop/Namaste React/src/components/Sum.js","statementMap":{"0":{"start":{"line":1,"column":19},"end":{"line":1,"column":31}},"1":{"start":{"line":1,"column":28},"end":{"line":1,"column":31}}},"fnMap":{"0":{"name":"(anonymous_0)","decl":{"start":{"line":1,"column":19},"end":{"line":1,"column":20}},"loc":{"start":{"line":1,"column":28},"end":{"line":1,"column":31}},"line":1}},"branchMap":{},"s":{"0":1,"1":1},"f":{"0":1},"b":{},"_coverageSchema":"1a1c01bbd47fc00a2c39e90264f33305004495a9","hash":"f5aa551fcf3cca0bb6eb58e4f5153b6fa606994f"}
,"/home/aaquib/Desktop/Namaste React/src/mocks/data_new.js": {"path":"/home/aaquib/Desktop/Namaste React/src/mocks/data_new.js","statementMap":{"0":{"start":{"line":1,"column":31},"end":{"line":7597,"column":1}},"1":{"start":{"line":7599,"column":25},"end":{"line":40085,"column":1}}},"fnMap":{},"branchMap":{},"s":{"0":2,"1":2},"f":{},"b":{},"_coverageSchema":"1a1c01bbd47fc00a2c39e90264f33305004495a9","hash":"f760798dbfcb0e19984b415dbd08f34f64a7744f"}
,"/home/aaquib/Desktop/Namaste React/src/utils/CartSlice.js": {"path":"/home/aaquib/Desktop/Namaste React/src/utils/CartSlice.js","statementMap":{"0":{"start":{"line":3,"column":18},"end":{"line":13,"column":2}},"1":{"start":{"line":9,"column":36},"end":{"line":9,"column":68}},"2":{"start":{"line":10,"column":39},"end":{"line":10,"column":56}},"3":{"start":{"line":11,"column":31},"end":{"line":11,"column":47}},"4":{"start":{"line":14,"column":49},"end":{"line":14,"column":66}}},"fnMap":{"0":{"name":"(anonymous_0)","decl":{"start":{"line":9,"column":17},"end":{"line":9,"column":18}},"loc":{"start":{"line":9,"column":35},"end":{"line":9,"column":69}},"line":9},"1":{"name":"(anonymous_1)","decl":{"start":{"line":10,"column":20},"end":{"line":10,"column":21}},"loc":{"start":{"line":10,"column":38},"end":{"line":10,"column":57}},"line":10},"2":{"name":"(anonymous_2)","decl":{"start":{"line":11,"column":19},"end":{"line":11,"column":20}},"loc":{"start":{"line":11,"column":30},"end":{"line":11,"column":48}},"line":11}},"branchMap":{},"s":{"0":3,"1":1,"2":0,"3":0,"4":3},"f":{"0":1,"1":0,"2":0},"b":{},"_coverageSchema":"1a1c01bbd47fc00a2c39e90264f33305004495a9","hash":"3d4c83904b1fe600ef2e4bc2dee3132b981e4acf"}
,"/home/aaquib/Desktop/Namaste React/src/utils/UserContext.js": {"path":"/home/aaquib/Desktop/Namaste React/src/utils/UserContext.js","statementMap":{"0":{"start":{"line":3,"column":20},"end":{"line":8,"column":2}},"1":{"start":{"line":10,"column":0},"end":{"line":10,"column":39}}},"fnMap":{},"branchMap":{},"s":{"0":3,"1":3},"f":{},"b":{},"_coverageSchema":"1a1c01bbd47fc00a2c39e90264f33305004495a9","hash":"bcd2cc78c6d3c839faa795c7cafe4189492fa616"}
,"/home/aaquib/Desktop/Namaste React/src/utils/helper.js": {"path":"/home/aaquib/Desktop/Namaste React/src/utils/helper.js","statementMap":{"0":{"start":{"line":2,"column":17},"end":{"line":4,"column":3}},"1":{"start":{"line":3,"column":4},"end":{"line":3,"column":73}},"2":{"start":{"line":6,"column":2},"end":{"line":6,"column":16}}},"fnMap":{"0":{"name":"filterData","decl":{"start":{"line":1,"column":16},"end":{"line":1,"column":26}},"loc":{"start":{"line":1,"column":55},"end":{"line":7,"column":1}},"line":1},"1":{"name":"(anonymous_1)","decl":{"start":{"line":2,"column":39},"end":{"line":2,"column":40}},"loc":{"start":{"line":3,"column":4},"end":{"line":3,"column":73}},"line":3}},"branchMap":{},"s":{"0":1,"1":20,"2":1},"f":{"0":1,"1":20},"b":{},"_coverageSchema":"1a1c01bbd47fc00a2c39e90264f33305004495a9","hash":"f27a7a8e88a089e7f3ce4acfde5753478502645e"}
,"/home/aaquib/Desktop/Namaste React/src/utils/store.js": {"path":"/home/aaquib/Desktop/Namaste React/src/utils/store.js","statementMap":{"0":{"start":{"line":4,"column":14},"end":{"line":8,"column":2}}},"fnMap":{},"branchMap":{},"s":{"0":3},"f":{},"b":{},"_coverageSchema":"1a1c01bbd47fc00a2c39e90264f33305004495a9","hash":"86452d85f72f8bbd6c2d44012a006e3b4359109e"}
,"/home/aaquib/Desktop/Namaste React/src/utils/useOnline.js": {"path":"/home/aaquib/Desktop/Namaste React/src/utils/useOnline.js","statementMap":{"0":{"start":{"line":3,"column":18},"end":{"line":27,"column":1}},"1":{"start":{"line":4,"column":34},"end":{"line":4,"column":48}},"2":{"start":{"line":6,"column":23},"end":{"line":8,"column":3}},"3":{"start":{"line":7,"column":4},"end":{"line":7,"column":22}},"4":{"start":{"line":10,"column":24},"end":{"line":12,"column":3}},"5":{"start":{"line":11,"column":4},"end":{"line":11,"column":23}},"6":{"start":{"line":14,"column":2},"end":{"line":24,"column":9}},"7":{"start":{"line":15,"column":4},"end":{"line":15,"column":52}},"8":{"start":{"line":17,"column":4},"end":{"line":17,"column":54}},"9":{"start":{"line":19,"column":4},"end":{"line":23,"column":6}},"10":{"start":{"line":20,"column":6},"end":{"line":20,"column":57}},"11":{"start":{"line":22,"column":6},"end":{"line":22,"column":59}},"12":{"start":{"line":26,"column":2},"end":{"line":26,"column":18}}},"fnMap":{"0":{"name":"(anonymous_0)","decl":{"start":{"line":3,"column":18},"end":{"line":3,"column":19}},"loc":{"start":{"line":3,"column":24},"end":{"line":27,"column":1}},"line":3},"1":{"name":"(anonymous_1)","decl":{"start":{"line":6,"column":23},"end":{"line":6,"column":24}},"loc":{"start":{"line":6,"column":29},"end":{"line":8,"column":3}},"line":6},"2":{"name":"(anonymous_2)","decl":{"start":{"line":10,"column":24},"end":{"line":10,"column":25}},"loc":{"start":{"line":10,"column":30},"end":{"line":12,"column":3}},"line":10},"3":{"name":"(anonymous_3)","decl":{"start":{"line":14,"column":12},"end":{"line":14,"column":13}},"loc":{"start":{"line":14,"column":18},"end":{"line":24,"column":3}},"line":14},"4":{"name":"(anonymous_4)","decl":{"start":{"line":19,"column":11},"end":{"line":19,"column":12}},"loc":{"start":{"line":19,"column":17},"end":{"line":23,"column":5}},"line":19}},"branchMap":{},"s":{"0":2,"1":5,"2":5,"3":0,"4":5,"5":0,"6":5,"7":4,"8":4,"9":4,"10":4,"11":4,"12":5},"f":{"0":5,"1":0,"2":0,"3":4,"4":4},"b":{},"_coverageSchema":"1a1c01bbd47fc00a2c39e90264f33305004495a9","hash":"b99281585be985e4b0af9594fb97c8bce993d40b"}
,"/home/aaquib/Desktop/Namaste React/src/utils/useRestaurant.js": {"path":"/home/aaquib/Desktop/Namaste React/src/utils/useRestaurant.js","statementMap":{"0":{"start":{"line":4,"column":22},"end":{"line":20,"column":1}},"1":{"start":{"line":5,"column":46},"end":{"line":5,"column":60}},"2":{"start":{"line":8,"column":17},"end":{"line":8,"column":57}},"3":{"start":{"line":9,"column":17},"end":{"line":9,"column":34}},"4":{"start":{"line":12,"column":6},"end":{"line":13,"column":18}},"5":{"start":{"line":14,"column":4},"end":{"line":14,"column":35}},"6":{"start":{"line":16,"column":2},"end":{"line":18,"column":9}},"7":{"start":{"line":17,"column":4},"end":{"line":17,"column":14}},"8":{"start":{"line":19,"column":2},"end":{"line":19,"column":24}}},"fnMap":{"0":{"name":"(anonymous_0)","decl":{"start":{"line":4,"column":22},"end":{"line":4,"column":23}},"loc":{"start":{"line":4,"column":40},"end":{"line":20,"column":1}},"line":4},"1":{"name":"getData","decl":{"start":{"line":7,"column":17},"end":{"line":7,"column":24}},"loc":{"start":{"line":7,"column":27},"end":{"line":15,"column":3}},"line":7},"2":{"name":"(anonymous_2)","decl":{"start":{"line":16,"column":12},"end":{"line":16,"column":13}},"loc":{"start":{"line":16,"column":18},"end":{"line":18,"column":3}},"line":16}},"branchMap":{},"s":{"0":1,"1":2,"2":1,"3":1,"4":1,"5":1,"6":2,"7":1,"8":2},"f":{"0":2,"1":1,"2":1},"b":{},"_coverageSchema":"1a1c01bbd47fc00a2c39e90264f33305004495a9","hash":"78004f4ce024feed48dc27bc26b65240f220041c"}
}
