TN:
SF:src/constants.js
FNF:0
FNH:0
DA:2,2
DA:733,2
DA:735,2
LF:3
LH:3
BRF:0
BRH:0
end_of_record
TN:
SF:src/components/Body.js
FN:8,(anonymous_0)
FN:16,getData
FN:30,(anonymous_2)
FN:47,(anonymous_3)
FN:55,(anonymous_4)
FN:71,(anonymous_5)
FNF:6
FNH:6
FNDA:7,(anonymous_0)
FNDA:3,getData
FNDA:3,(anonymous_2)
FNDA:1,(anonymous_3)
FNDA:1,(anonymous_4)
FNDA:61,(anonymous_5)
DA:8,1
DA:11,7
DA:12,7
DA:13,7
DA:14,7
DA:17,3
DA:20,3
DA:21,3
DA:25,3
DA:30,7
DA:31,3
DA:34,7
DA:48,1
DA:56,1
DA:57,1
DA:72,61
LF:16
LH:16
BRDA:34,0,0,3
BRDA:34,0,1,4
BRDA:66,1,0,0
BRDA:66,1,1,4
BRF:4
BRH:3
end_of_record
TN:
SF:src/components/Header.js
FN:6,(anonymous_0)
FN:15,(anonymous_1)
FN:18,(anonymous_2)
FNF:3
FNH:3
FNDA:5,(anonymous_0)
FNDA:5,(anonymous_1)
FNDA:10,(anonymous_2)
DA:6,2
DA:7,5
DA:15,2
DA:16,5
DA:17,5
DA:18,10
DA:19,5
LF:7
LH:7
BRDA:41,0,0,5
BRDA:41,0,1,0
BRF:2
BRH:1
end_of_record
TN:
SF:src/components/MenuItem.js
FN:4,(anonymous_0)
FN:6,(anonymous_1)
FN:17,(anonymous_2)
FNF:3
FNH:3
FNDA:15,(anonymous_0)
FNDA:1,(anonymous_1)
FNDA:1,(anonymous_2)
DA:4,1
DA:5,15
DA:6,15
DA:7,1
DA:9,15
DA:17,1
LF:6
LH:6
BRF:0
BRH:0
end_of_record
TN:
SF:src/components/RestaurantCard.js
FN:2,(anonymous_0)
FNF:1
FNH:1
FNDA:61,(anonymous_0)
DA:2,1
DA:8,61
LF:2
LH:2
BRF:0
BRH:0
end_of_record
TN:
SF:src/components/RestaurantMenu.js
FN:5,(anonymous_0)
FN:13,(anonymous_1)
FNF:2
FNH:2
FNDA:2,(anonymous_0)
FNDA:15,(anonymous_1)
DA:5,1
DA:6,2
DA:7,2
DA:9,2
DA:14,15
LF:5
LH:5
BRDA:9,0,0,1
BRDA:9,0,1,1
BRF:2
BRH:2
end_of_record
TN:
SF:src/components/Shimmer.js
FN:1,(anonymous_0)
FN:4,(anonymous_1)
FNF:2
FNH:2
FNDA:4,(anonymous_0)
FNDA:80,(anonymous_1)
DA:1,2
DA:2,4
DA:5,80
LF:3
LH:3
BRF:0
BRH:0
end_of_record
TN:
SF:src/components/Sum.js
FN:1,(anonymous_0)
FNF:1
FNH:1
FNDA:1,(anonymous_0)
DA:1,1
LF:1
LH:1
BRF:0
BRH:0
end_of_record
TN:
SF:src/mocks/data_new.js
FNF:0
FNH:0
DA:1,2
DA:7599,2
LF:2
LH:2
BRF:0
BRH:0
end_of_record
TN:
SF:src/utils/CartSlice.js
FN:9,(anonymous_0)
FN:10,(anonymous_1)
FN:11,(anonymous_2)
FNF:3
FNH:1
FNDA:1,(anonymous_0)
FNDA:0,(anonymous_1)
FNDA:0,(anonymous_2)
DA:3,3
DA:9,1
DA:10,0
DA:11,0
DA:14,3
LF:5
LH:3
BRF:0
BRH:0
end_of_record
TN:
SF:src/utils/UserContext.js
FNF:0
FNH:0
DA:3,3
DA:10,3
LF:2
LH:2
BRF:0
BRH:0
end_of_record
TN:
SF:src/utils/helper.js
FN:1,filterData
FN:2,(anonymous_1)
FNF:2
FNH:2
FNDA:1,filterData
FNDA:20,(anonymous_1)
DA:2,1
DA:3,20
DA:6,1
LF:3
LH:3
BRF:0
BRH:0
end_of_record
TN:
SF:src/utils/store.js
FNF:0
FNH:0
DA:4,3
LF:1
LH:1
BRF:0
BRH:0
end_of_record
TN:
SF:src/utils/useOnline.js
FN:3,(anonymous_0)
FN:6,(anonymous_1)
FN:10,(anonymous_2)
FN:14,(anonymous_3)
FN:19,(anonymous_4)
FNF:5
FNH:3
FNDA:5,(anonymous_0)
FNDA:0,(anonymous_1)
FNDA:0,(anonymous_2)
FNDA:4,(anonymous_3)
FNDA:4,(anonymous_4)
DA:3,2
DA:4,5
DA:6,5
DA:7,0
DA:10,5
DA:11,0
DA:14,5
DA:15,4
DA:17,4
DA:19,4
DA:20,4
DA:22,4
DA:26,5
LF:13
LH:11
BRF:0
BRH:0
end_of_record
TN:
SF:src/utils/useRestaurant.js
FN:4,(anonymous_0)
FN:7,getData
FN:16,(anonymous_2)
FNF:3
FNH:3
FNDA:2,(anonymous_0)
FNDA:1,getData
FNDA:1,(anonymous_2)
DA:4,1
DA:5,2
DA:8,1
DA:9,1
DA:12,1
DA:14,1
DA:16,2
DA:17,1
DA:19,2
LF:9
LH:9
BRF:0
BRH:0
end_of_record
